#-----------------------------------------------------------
# Vivado v2020.1 (64-bit)
# SW Build 2902540 on Wed May 27 19:54:49 MDT 2020
# IP Build 2902112 on Wed May 27 22:43:36 MDT 2020
# Start of session at: Wed Dec  6 11:26:13 2023
# Process ID: 10796
# Current directory: C:/Users/hr08032/Desktop/pinScreen
# Command line: vivado.exe -gui_launcher_event rodinguilauncherevent3296 C:\Users\hr08032\Desktop\pinScreen\pinScreen.xpr
# Log file: C:/Users/hr08032/Desktop/pinScreen/vivado.log
# Journal file: C:/Users/hr08032/Desktop/pinScreen\vivado.jou
#-----------------------------------------------------------
start_gui
open_project C:/Users/hr08032/Desktop/pinScreen/pinScreen.xpr
INFO: [Project 1-313] Project file moved from 'C:/Users/hr08032/Downloads/pinScreen/pinScreen' since last save.
Scanning sources...
Finished scanning sources
INFO: [IP_Flow 19-234] Refreshing IP repositories
INFO: [IP_Flow 19-1704] No user IP repositories specified
INFO: [IP_Flow 19-2313] Loaded Vivado IP repository 'C:/Xilinx/Vivado/2020.1/data/ip'.
open_project: Time (s): cpu = 00:00:11 ; elapsed = 00:00:08 . Memory (MB): peak = 1026.566 ; gain = 0.000
close [ open C:/Users/hr08032/Desktop/pinScreen/pinScreen.srcs/sources_1/new/WelcomeScreen.v w ]
add_files C:/Users/hr08032/Desktop/pinScreen/pinScreen.srcs/sources_1/new/WelcomeScreen.v
close [ open C:/Users/hr08032/Desktop/pinScreen/pinScreen.srcs/sources_1/new/bowlingRom2.v w ]
add_files C:/Users/hr08032/Desktop/pinScreen/pinScreen.srcs/sources_1/new/bowlingRom2.v
synth_design -rtl -name rtl_1
Command: synth_design -rtl -name rtl_1
Starting synth_design
Using part: xc7a35tcpg236-1
Top: toplevelmodulelab11
INFO: [Device 21-403] Loading part xc7a35tcpg236-1
---------------------------------------------------------------------------------
Starting RTL Elaboration : Time (s): cpu = 00:00:05 ; elapsed = 00:00:05 . Memory (MB): peak = 1395.914 ; gain = 238.500
---------------------------------------------------------------------------------
INFO: [Synth 8-6157] synthesizing module 'toplevelmodulelab11' [C:/Users/hr08032/Desktop/pinScreen/pinScreen.srcs/sources_1/new/toplevelLAB11.v:1]
INFO: [Synth 8-6157] synthesizing module 'clk_div' [C:/Users/hr08032/Desktop/pinScreen/pinScreen.srcs/sources_1/new/clockdivider.v:29]
	Parameter div_value bound to: 1 - type: integer 
INFO: [Synth 8-6155] done synthesizing module 'clk_div' (1#1) [C:/Users/hr08032/Desktop/pinScreen/pinScreen.srcs/sources_1/new/clockdivider.v:29]
INFO: [Synth 8-6157] synthesizing module 'h_counter' [C:/Users/hr08032/Desktop/pinScreen/pinScreen.srcs/sources_1/new/hcount.v:24]
INFO: [Synth 8-6155] done synthesizing module 'h_counter' (2#1) [C:/Users/hr08032/Desktop/pinScreen/pinScreen.srcs/sources_1/new/hcount.v:24]
INFO: [Synth 8-6157] synthesizing module 'v_counter' [C:/Users/hr08032/Desktop/pinScreen/pinScreen.srcs/sources_1/new/v_counter.v:26]
INFO: [Synth 8-6155] done synthesizing module 'v_counter' (3#1) [C:/Users/hr08032/Desktop/pinScreen/pinScreen.srcs/sources_1/new/v_counter.v:26]
INFO: [Synth 8-6157] synthesizing module 'vga_sync' [C:/Users/hr08032/Desktop/pinScreen/pinScreen.srcs/sources_1/new/vgasync.v:38]
	Parameter HD bound to: 640 - type: integer 
	Parameter HF bound to: 16 - type: integer 
	Parameter HR bound to: 96 - type: integer 
	Parameter HB bound to: 48 - type: integer 
	Parameter VD bound to: 480 - type: integer 
	Parameter VF bound to: 10 - type: integer 
	Parameter VR bound to: 2 - type: integer 
	Parameter VB bound to: 33 - type: integer 
INFO: [Synth 8-6155] done synthesizing module 'vga_sync' (4#1) [C:/Users/hr08032/Desktop/pinScreen/pinScreen.srcs/sources_1/new/vgasync.v:38]
ERROR: [Synth 8-685] variable 'h_sync' should not be used in output port connection [C:/Users/hr08032/Desktop/pinScreen/pinScreen.srcs/sources_1/new/toplevelLAB11.v:23]
ERROR: [Synth 8-6156] failed synthesizing module 'toplevelmodulelab11' [C:/Users/hr08032/Desktop/pinScreen/pinScreen.srcs/sources_1/new/toplevelLAB11.v:1]
---------------------------------------------------------------------------------
Finished RTL Elaboration : Time (s): cpu = 00:00:06 ; elapsed = 00:00:06 . Memory (MB): peak = 1445.508 ; gain = 288.094
---------------------------------------------------------------------------------
RTL Elaboration failed
10 Infos, 0 Warnings, 0 Critical Warnings and 3 Errors encountered.
synth_design failed
ERROR: [Vivado_Tcl 4-5] Elaboration failed - please see the console for details
synth_design -rtl -name rtl_1
Command: synth_design -rtl -name rtl_1
Starting synth_design
Using part: xc7a35tcpg236-1
Top: toplevelmodulelab11
---------------------------------------------------------------------------------
Starting RTL Elaboration : Time (s): cpu = 00:00:05 ; elapsed = 00:00:05 . Memory (MB): peak = 1472.453 ; gain = 18.730
---------------------------------------------------------------------------------
INFO: [Synth 8-6157] synthesizing module 'toplevelmodulelab11' [C:/Users/hr08032/Desktop/pinScreen/pinScreen.srcs/sources_1/new/toplevelLAB11.v:1]
INFO: [Synth 8-6157] synthesizing module 'clk_div' [C:/Users/hr08032/Desktop/pinScreen/pinScreen.srcs/sources_1/new/clockdivider.v:29]
	Parameter div_value bound to: 1 - type: integer 
INFO: [Synth 8-6155] done synthesizing module 'clk_div' (1#1) [C:/Users/hr08032/Desktop/pinScreen/pinScreen.srcs/sources_1/new/clockdivider.v:29]
INFO: [Synth 8-6157] synthesizing module 'h_counter' [C:/Users/hr08032/Desktop/pinScreen/pinScreen.srcs/sources_1/new/hcount.v:24]
INFO: [Synth 8-6155] done synthesizing module 'h_counter' (2#1) [C:/Users/hr08032/Desktop/pinScreen/pinScreen.srcs/sources_1/new/hcount.v:24]
INFO: [Synth 8-6157] synthesizing module 'v_counter' [C:/Users/hr08032/Desktop/pinScreen/pinScreen.srcs/sources_1/new/v_counter.v:26]
INFO: [Synth 8-6155] done synthesizing module 'v_counter' (3#1) [C:/Users/hr08032/Desktop/pinScreen/pinScreen.srcs/sources_1/new/v_counter.v:26]
INFO: [Synth 8-6157] synthesizing module 'vga_sync' [C:/Users/hr08032/Desktop/pinScreen/pinScreen.srcs/sources_1/new/vgasync.v:38]
	Parameter HD bound to: 640 - type: integer 
	Parameter HF bound to: 16 - type: integer 
	Parameter HR bound to: 96 - type: integer 
	Parameter HB bound to: 48 - type: integer 
	Parameter VD bound to: 480 - type: integer 
	Parameter VF bound to: 10 - type: integer 
	Parameter VR bound to: 2 - type: integer 
	Parameter VB bound to: 33 - type: integer 
INFO: [Synth 8-6155] done synthesizing module 'vga_sync' (4#1) [C:/Users/hr08032/Desktop/pinScreen/pinScreen.srcs/sources_1/new/vgasync.v:38]
INFO: [Synth 8-6157] synthesizing module 'pixel_gen' [C:/Users/hr08032/Desktop/pinScreen/pinScreen.srcs/sources_1/new/pixel_gen_cir.v:3]
	Parameter PinWidth bound to: 64 - type: integer 
	Parameter PinHeight bound to: 180 - type: integer 
INFO: [Synth 8-3876] $readmem data file 'finalPinPal.mem' is read successfully [C:/Users/hr08032/Desktop/pinScreen/pinScreen.srcs/sources_1/new/pixel_gen_cir.v:39]
INFO: [Synth 8-6157] synthesizing module 'pinRom' [C:/Users/hr08032/Desktop/pinScreen/pinScreen.srcs/sources_1/new/bowlingRom.v:13]
INFO: [Synth 8-3876] $readmem data file 'finalPin.mem' is read successfully [C:/Users/hr08032/Desktop/pinScreen/pinScreen.srcs/sources_1/new/bowlingRom.v:23]
INFO: [Synth 8-6155] done synthesizing module 'pinRom' (5#1) [C:/Users/hr08032/Desktop/pinScreen/pinScreen.srcs/sources_1/new/bowlingRom.v:13]
INFO: [Synth 8-6157] synthesizing module 'TopLevelBowling' [C:/Users/hr08032/Desktop/pinScreen/pinScreen.srcs/sources_1/new/TopLevelBowling.v:11]
INFO: [Synth 8-6157] synthesizing module 'ir_sensor' [C:/Users/hr08032/Desktop/pinScreen/pinScreen.srcs/sources_1/new/ir_sensor.v:23]
	Parameter IDLE bound to: 2'b00 
	Parameter DETECTING bound to: 2'b01 
INFO: [Synth 8-155] case statement is not full and has no default [C:/Users/hr08032/Desktop/pinScreen/pinScreen.srcs/sources_1/new/ir_sensor.v:41]
INFO: [Synth 8-6155] done synthesizing module 'ir_sensor' (6#1) [C:/Users/hr08032/Desktop/pinScreen/pinScreen.srcs/sources_1/new/ir_sensor.v:23]
INFO: [Synth 8-6155] done synthesizing module 'TopLevelBowling' (7#1) [C:/Users/hr08032/Desktop/pinScreen/pinScreen.srcs/sources_1/new/TopLevelBowling.v:11]
INFO: [Synth 8-6155] done synthesizing module 'pixel_gen' (8#1) [C:/Users/hr08032/Desktop/pinScreen/pinScreen.srcs/sources_1/new/pixel_gen_cir.v:3]
INFO: [Synth 8-6157] synthesizing module 'WelcomeScreen' [C:/Users/hr08032/Desktop/pinScreen/pinScreen.srcs/sources_1/new/WelcomeScreen.v:23]
	Parameter BowlingWidth bound to: 399 - type: integer 
	Parameter BowlingHeight bound to: 298 - type: integer 
CRITICAL WARNING: [Synth 8-4445] could not open $readmem data file 'pal24bit.mem'; please make sure the file is added to project and has read permission, ignoring [C:/Users/hr08032/Desktop/pinScreen/pinScreen.srcs/sources_1/new/WelcomeScreen.v:59]
INFO: [Synth 8-6157] synthesizing module 'bowling_Rom2' [C:/Users/hr08032/Desktop/pinScreen/pinScreen.srcs/sources_1/new/bowlingRom2.v:13]
CRITICAL WARNING: [Synth 8-4445] could not open $readmem data file 'finalblackBG.mem'; please make sure the file is added to project and has read permission, ignoring [C:/Users/hr08032/Desktop/pinScreen/pinScreen.srcs/sources_1/new/bowlingRom2.v:23]

Warning: Trying to implement RAM in registers. Block RAM or DRAM implementation is not possible for one or more of the following reasons :
	1: Unable to determine number of words or word size in RAM. 
	2: No valid read/write found for RAM. 
INFO: [Common 17-41] Interrupt caught. Command should exit soon.
