#-----------------------------------------------------------
# Vivado v2020.1 (64-bit)
# SW Build 2902540 on Wed May 27 19:54:49 MDT 2020
# IP Build 2902112 on Wed May 27 22:43:36 MDT 2020
# Start of session at: Wed Dec  6 12:09:00 2023
# Process ID: 7856
# Current directory: C:/Users/hr08032/Desktop/pinScreen
# Command line: vivado.exe -gui_launcher_event rodinguilauncherevent11800 C:\Users\hr08032\Desktop\pinScreen\pinScreen.xpr
# Log file: C:/Users/hr08032/Desktop/pinScreen/vivado.log
# Journal file: C:/Users/hr08032/Desktop/pinScreen\vivado.jou
#-----------------------------------------------------------
start_gui
open_project C:/Users/hr08032/Desktop/pinScreen/pinScreen.xpr
Scanning sources...
Finished scanning sources
INFO: [IP_Flow 19-234] Refreshing IP repositories
INFO: [IP_Flow 19-1704] No user IP repositories specified
INFO: [IP_Flow 19-2313] Loaded Vivado IP repository 'C:/Xilinx/Vivado/2020.1/data/ip'.
open_project: Time (s): cpu = 00:00:12 ; elapsed = 00:00:07 . Memory (MB): peak = 1029.812 ; gain = 0.000
add_files -norecurse {C:/Users/hr08032/Downloads/welcomeBGBLACKwithPIXELGEN/welcomeBGBLACKwithPIXELGEN/welcomeBGBLACKwithPIXELGEN.srcs/sources_1/imports/tinyWelcomeScreen/pal24bit.mem C:/Users/hr08032/Downloads/welcomeBGBLACKwithPIXELGEN/welcomeBGBLACKwithPIXELGEN/welcomeBGBLACKwithPIXELGEN.srcs/sources_1/imports/tinyWelcomeScreen/finalblackBG.mem}
synth_design -rtl -name rtl_1
Command: synth_design -rtl -name rtl_1
Starting synth_design
Using part: xc7a35tcpg236-1
Top: toplevelmodulelab11
INFO: [Device 21-403] Loading part xc7a35tcpg236-1
---------------------------------------------------------------------------------
Starting RTL Elaboration : Time (s): cpu = 00:00:05 ; elapsed = 00:00:05 . Memory (MB): peak = 1415.047 ; gain = 226.035
---------------------------------------------------------------------------------
INFO: [Synth 8-6157] synthesizing module 'toplevelmodulelab11' [C:/Users/hr08032/Desktop/pinScreen/pinScreen.srcs/sources_1/new/toplevelLAB11.v:1]
INFO: [Synth 8-6157] synthesizing module 'clk_div' [C:/Users/hr08032/Desktop/pinScreen/pinScreen.srcs/sources_1/new/clockdivider.v:29]
	Parameter div_value bound to: 1 - type: integer 
INFO: [Synth 8-6155] done synthesizing module 'clk_div' (1#1) [C:/Users/hr08032/Desktop/pinScreen/pinScreen.srcs/sources_1/new/clockdivider.v:29]
INFO: [Synth 8-6157] synthesizing module 'h_counter' [C:/Users/hr08032/Desktop/pinScreen/pinScreen.srcs/sources_1/new/hcount.v:24]
INFO: [Synth 8-6155] done synthesizing module 'h_counter' (2#1) [C:/Users/hr08032/Desktop/pinScreen/pinScreen.srcs/sources_1/new/hcount.v:24]
INFO: [Synth 8-6157] synthesizing module 'v_counter' [C:/Users/hr08032/Desktop/pinScreen/pinScreen.srcs/sources_1/new/v_counter.v:26]
INFO: [Synth 8-6155] done synthesizing module 'v_counter' (3#1) [C:/Users/hr08032/Desktop/pinScreen/pinScreen.srcs/sources_1/new/v_counter.v:26]
INFO: [Synth 8-6157] synthesizing module 'vga_sync' [C:/Users/hr08032/Desktop/pinScreen/pinScreen.srcs/sources_1/new/vgasync.v:38]
	Parameter HD bound to: 640 - type: integer 
	Parameter HF bound to: 16 - type: integer 
	Parameter HR bound to: 96 - type: integer 
	Parameter HB bound to: 48 - type: integer 
	Parameter VD bound to: 480 - type: integer 
	Parameter VF bound to: 10 - type: integer 
	Parameter VR bound to: 2 - type: integer 
	Parameter VB bound to: 33 - type: integer 
INFO: [Synth 8-6155] done synthesizing module 'vga_sync' (4#1) [C:/Users/hr08032/Desktop/pinScreen/pinScreen.srcs/sources_1/new/vgasync.v:38]
INFO: [Synth 8-6157] synthesizing module 'pixel_gen' [C:/Users/hr08032/Desktop/pinScreen/pinScreen.srcs/sources_1/new/pixel_gen_cir.v:3]
	Parameter PinWidth bound to: 64 - type: integer 
	Parameter PinHeight bound to: 180 - type: integer 
INFO: [Synth 8-3876] $readmem data file 'finalPinPal.mem' is read successfully [C:/Users/hr08032/Desktop/pinScreen/pinScreen.srcs/sources_1/new/pixel_gen_cir.v:39]
INFO: [Synth 8-6157] synthesizing module 'pinRom' [C:/Users/hr08032/Desktop/pinScreen/pinScreen.srcs/sources_1/new/bowlingRom.v:13]
INFO: [Synth 8-3876] $readmem data file 'finalPin.mem' is read successfully [C:/Users/hr08032/Desktop/pinScreen/pinScreen.srcs/sources_1/new/bowlingRom.v:23]
INFO: [Synth 8-6155] done synthesizing module 'pinRom' (5#1) [C:/Users/hr08032/Desktop/pinScreen/pinScreen.srcs/sources_1/new/bowlingRom.v:13]
INFO: [Synth 8-6157] synthesizing module 'TopLevelBowling' [C:/Users/hr08032/Desktop/pinScreen/pinScreen.srcs/sources_1/new/TopLevelBowling.v:11]
INFO: [Synth 8-6157] synthesizing module 'ir_sensor' [C:/Users/hr08032/Desktop/pinScreen/pinScreen.srcs/sources_1/new/ir_sensor.v:23]
	Parameter IDLE bound to: 2'b00 
	Parameter DETECTING bound to: 2'b01 
INFO: [Synth 8-155] case statement is not full and has no default [C:/Users/hr08032/Desktop/pinScreen/pinScreen.srcs/sources_1/new/ir_sensor.v:41]
INFO: [Synth 8-6155] done synthesizing module 'ir_sensor' (6#1) [C:/Users/hr08032/Desktop/pinScreen/pinScreen.srcs/sources_1/new/ir_sensor.v:23]
INFO: [Synth 8-6155] done synthesizing module 'TopLevelBowling' (7#1) [C:/Users/hr08032/Desktop/pinScreen/pinScreen.srcs/sources_1/new/TopLevelBowling.v:11]
INFO: [Synth 8-6155] done synthesizing module 'pixel_gen' (8#1) [C:/Users/hr08032/Desktop/pinScreen/pinScreen.srcs/sources_1/new/pixel_gen_cir.v:3]
INFO: [Synth 8-6157] synthesizing module 'WelcomeScreen' [C:/Users/hr08032/Desktop/pinScreen/pinScreen.srcs/sources_1/new/WelcomeScreen.v:23]
	Parameter BowlingWidth bound to: 399 - type: integer 
	Parameter BowlingHeight bound to: 298 - type: integer 
INFO: [Synth 8-3876] $readmem data file 'pal24bit.mem' is read successfully [C:/Users/hr08032/Desktop/pinScreen/pinScreen.srcs/sources_1/new/WelcomeScreen.v:59]
INFO: [Synth 8-6157] synthesizing module 'bowling_Rom2' [C:/Users/hr08032/Desktop/pinScreen/pinScreen.srcs/sources_1/new/bowlingRom2.v:13]
INFO: [Synth 8-3876] $readmem data file 'finalblackBG.mem' is read successfully [C:/Users/hr08032/Desktop/pinScreen/pinScreen.srcs/sources_1/new/bowlingRom2.v:23]
INFO: [Synth 8-6155] done synthesizing module 'bowling_Rom2' (9#1) [C:/Users/hr08032/Desktop/pinScreen/pinScreen.srcs/sources_1/new/bowlingRom2.v:13]
INFO: [Synth 8-6155] done synthesizing module 'WelcomeScreen' (10#1) [C:/Users/hr08032/Desktop/pinScreen/pinScreen.srcs/sources_1/new/WelcomeScreen.v:23]
ERROR: [Synth 8-6038] cannot resolve hierarchical name for the item 'BALLS' [C:/Users/hr08032/Desktop/pinScreen/pinScreen.srcs/sources_1/new/toplevelLAB11.v:34]
ERROR: [Synth 8-6156] failed synthesizing module 'toplevelmodulelab11' [C:/Users/hr08032/Desktop/pinScreen/pinScreen.srcs/sources_1/new/toplevelLAB11.v:1]
---------------------------------------------------------------------------------
Finished RTL Elaboration : Time (s): cpu = 00:00:07 ; elapsed = 00:00:07 . Memory (MB): peak = 1572.191 ; gain = 383.180
---------------------------------------------------------------------------------
RTL Elaboration failed
27 Infos, 0 Warnings, 0 Critical Warnings and 3 Errors encountered.
synth_design failed
ERROR: [Vivado_Tcl 4-5] Elaboration failed - please see the console for details
synth_design -rtl -name rtl_1
Command: synth_design -rtl -name rtl_1
Starting synth_design
Using part: xc7a35tcpg236-1
Top: toplevelmodulelab11
---------------------------------------------------------------------------------
Starting RTL Elaboration : Time (s): cpu = 00:00:04 ; elapsed = 00:00:05 . Memory (MB): peak = 1572.191 ; gain = 0.000
---------------------------------------------------------------------------------
INFO: [Synth 8-6157] synthesizing module 'toplevelmodulelab11' [C:/Users/hr08032/Desktop/pinScreen/pinScreen.srcs/sources_1/new/toplevelLAB11.v:1]
INFO: [Synth 8-6157] synthesizing module 'clk_div' [C:/Users/hr08032/Desktop/pinScreen/pinScreen.srcs/sources_1/new/clockdivider.v:29]
	Parameter div_value bound to: 1 - type: integer 
INFO: [Synth 8-6155] done synthesizing module 'clk_div' (1#1) [C:/Users/hr08032/Desktop/pinScreen/pinScreen.srcs/sources_1/new/clockdivider.v:29]
INFO: [Synth 8-6157] synthesizing module 'h_counter' [C:/Users/hr08032/Desktop/pinScreen/pinScreen.srcs/sources_1/new/hcount.v:24]
INFO: [Synth 8-6155] done synthesizing module 'h_counter' (2#1) [C:/Users/hr08032/Desktop/pinScreen/pinScreen.srcs/sources_1/new/hcount.v:24]
INFO: [Synth 8-6157] synthesizing module 'v_counter' [C:/Users/hr08032/Desktop/pinScreen/pinScreen.srcs/sources_1/new/v_counter.v:26]
INFO: [Synth 8-6155] done synthesizing module 'v_counter' (3#1) [C:/Users/hr08032/Desktop/pinScreen/pinScreen.srcs/sources_1/new/v_counter.v:26]
INFO: [Synth 8-6157] synthesizing module 'vga_sync' [C:/Users/hr08032/Desktop/pinScreen/pinScreen.srcs/sources_1/new/vgasync.v:38]
	Parameter HD bound to: 640 - type: integer 
	Parameter HF bound to: 16 - type: integer 
	Parameter HR bound to: 96 - type: integer 
	Parameter HB bound to: 48 - type: integer 
	Parameter VD bound to: 480 - type: integer 
	Parameter VF bound to: 10 - type: integer 
	Parameter VR bound to: 2 - type: integer 
	Parameter VB bound to: 33 - type: integer 
INFO: [Synth 8-6155] done synthesizing module 'vga_sync' (4#1) [C:/Users/hr08032/Desktop/pinScreen/pinScreen.srcs/sources_1/new/vgasync.v:38]
INFO: [Synth 8-6157] synthesizing module 'pixel_gen' [C:/Users/hr08032/Desktop/pinScreen/pinScreen.srcs/sources_1/new/pixel_gen_cir.v:3]
	Parameter PinWidth bound to: 64 - type: integer 
	Parameter PinHeight bound to: 180 - type: integer 
INFO: [Synth 8-3876] $readmem data file 'finalPinPal.mem' is read successfully [C:/Users/hr08032/Desktop/pinScreen/pinScreen.srcs/sources_1/new/pixel_gen_cir.v:39]
INFO: [Synth 8-6157] synthesizing module 'pinRom' [C:/Users/hr08032/Desktop/pinScreen/pinScreen.srcs/sources_1/new/bowlingRom.v:13]
INFO: [Synth 8-3876] $readmem data file 'finalPin.mem' is read successfully [C:/Users/hr08032/Desktop/pinScreen/pinScreen.srcs/sources_1/new/bowlingRom.v:23]
INFO: [Synth 8-6155] done synthesizing module 'pinRom' (5#1) [C:/Users/hr08032/Desktop/pinScreen/pinScreen.srcs/sources_1/new/bowlingRom.v:13]
INFO: [Synth 8-6157] synthesizing module 'TopLevelBowling' [C:/Users/hr08032/Desktop/pinScreen/pinScreen.srcs/sources_1/new/TopLevelBowling.v:11]
INFO: [Synth 8-6157] synthesizing module 'ir_sensor' [C:/Users/hr08032/Desktop/pinScreen/pinScreen.srcs/sources_1/new/ir_sensor.v:23]
	Parameter IDLE bound to: 2'b00 
	Parameter DETECTING bound to: 2'b01 
INFO: [Synth 8-155] case statement is not full and has no default [C:/Users/hr08032/Desktop/pinScreen/pinScreen.srcs/sources_1/new/ir_sensor.v:41]
INFO: [Synth 8-6155] done synthesizing module 'ir_sensor' (6#1) [C:/Users/hr08032/Desktop/pinScreen/pinScreen.srcs/sources_1/new/ir_sensor.v:23]
INFO: [Synth 8-6155] done synthesizing module 'TopLevelBowling' (7#1) [C:/Users/hr08032/Desktop/pinScreen/pinScreen.srcs/sources_1/new/TopLevelBowling.v:11]
INFO: [Synth 8-6155] done synthesizing module 'pixel_gen' (8#1) [C:/Users/hr08032/Desktop/pinScreen/pinScreen.srcs/sources_1/new/pixel_gen_cir.v:3]
INFO: [Synth 8-6157] synthesizing module 'WelcomeScreen' [C:/Users/hr08032/Desktop/pinScreen/pinScreen.srcs/sources_1/new/WelcomeScreen.v:23]
	Parameter BowlingWidth bound to: 399 - type: integer 
	Parameter BowlingHeight bound to: 298 - type: integer 
INFO: [Synth 8-3876] $readmem data file 'pal24bit.mem' is read successfully [C:/Users/hr08032/Desktop/pinScreen/pinScreen.srcs/sources_1/new/WelcomeScreen.v:59]
INFO: [Synth 8-6157] synthesizing module 'bowling_Rom2' [C:/Users/hr08032/Desktop/pinScreen/pinScreen.srcs/sources_1/new/bowlingRom2.v:13]
INFO: [Synth 8-3876] $readmem data file 'finalblackBG.mem' is read successfully [C:/Users/hr08032/Desktop/pinScreen/pinScreen.srcs/sources_1/new/bowlingRom2.v:23]
INFO: [Synth 8-6155] done synthesizing module 'bowling_Rom2' (9#1) [C:/Users/hr08032/Desktop/pinScreen/pinScreen.srcs/sources_1/new/bowlingRom2.v:13]
INFO: [Synth 8-6155] done synthesizing module 'WelcomeScreen' (10#1) [C:/Users/hr08032/Desktop/pinScreen/pinScreen.srcs/sources_1/new/WelcomeScreen.v:23]
INFO: [Synth 8-6155] done synthesizing module 'toplevelmodulelab11' (11#1) [C:/Users/hr08032/Desktop/pinScreen/pinScreen.srcs/sources_1/new/toplevelLAB11.v:1]
---------------------------------------------------------------------------------
Finished RTL Elaboration : Time (s): cpu = 00:00:06 ; elapsed = 00:00:07 . Memory (MB): peak = 1602.480 ; gain = 30.289
---------------------------------------------------------------------------------
---------------------------------------------------------------------------------
Start Handling Custom Attributes
---------------------------------------------------------------------------------
---------------------------------------------------------------------------------
Finished Handling Custom Attributes : Time (s): cpu = 00:00:08 ; elapsed = 00:00:09 . Memory (MB): peak = 1602.480 ; gain = 30.289
---------------------------------------------------------------------------------
---------------------------------------------------------------------------------
Finished RTL Optimization Phase 1 : Time (s): cpu = 00:00:08 ; elapsed = 00:00:09 . Memory (MB): peak = 1602.480 ; gain = 30.289
---------------------------------------------------------------------------------
Netlist sorting complete. Time (s): cpu = 00:00:00 ; elapsed = 00:00:00.009 . Memory (MB): peak = 1602.480 ; gain = 0.000
INFO: [Project 1-570] Preparing netlist for logic optimization

Processing XDC Constraints
Initializing timing engine
Parsing XDC File [C:/Users/hr08032/Desktop/pinScreen/pinScreen.srcs/constrs_1/new/test_and_const.xdc]
WARNING: [Vivado 12-584] No ports matched 'S[0]'. [C:/Users/hr08032/Desktop/pinScreen/pinScreen.srcs/constrs_1/new/test_and_const.xdc:4]
CRITICAL WARNING: [Common 17-55] 'set_property' expects at least one object. [C:/Users/hr08032/Desktop/pinScreen/pinScreen.srcs/constrs_1/new/test_and_const.xdc:4]
Resolution: If [get_<value>] was used to populate the object, check to make sure this command returns at least one valid object.
WARNING: [Vivado 12-584] No ports matched 'S[1]'. [C:/Users/hr08032/Desktop/pinScreen/pinScreen.srcs/constrs_1/new/test_and_const.xdc:5]
CRITICAL WARNING: [Common 17-55] 'set_property' expects at least one object. [C:/Users/hr08032/Desktop/pinScreen/pinScreen.srcs/constrs_1/new/test_and_const.xdc:5]
Resolution: If [get_<value>] was used to populate the object, check to make sure this command returns at least one valid object.
Finished Parsing XDC File [C:/Users/hr08032/Desktop/pinScreen/pinScreen.srcs/constrs_1/new/test_and_const.xdc]
Parsing XDC File [C:/Users/hr08032/Desktop/pinScreen/pinScreen.srcs/constrs_1/new/test_addsub_const.xdc]
Finished Parsing XDC File [C:/Users/hr08032/Desktop/pinScreen/pinScreen.srcs/constrs_1/new/test_addsub_const.xdc]
Completed Processing XDC Constraints

INFO: [Opt 31-138] Pushed 0 inverter(s) to 0 load pin(s).
Netlist sorting complete. Time (s): cpu = 00:00:00 ; elapsed = 00:00:00 . Memory (MB): peak = 1686.250 ; gain = 0.000
INFO: [Project 1-111] Unisim Transformation Summary:
No Unisim elements were transformed.

RTL Elaboration Complete:  : Time (s): cpu = 00:00:17 ; elapsed = 00:00:15 . Memory (MB): peak = 1686.250 ; gain = 114.059
30 Infos, 2 Warnings, 2 Critical Warnings and 0 Errors encountered.
synth_design completed successfully
synth_design: Time (s): cpu = 00:00:17 ; elapsed = 00:00:15 . Memory (MB): peak = 1686.250 ; gain = 114.059
set_property package_pin "" [get_ports [list  switch]]
set_property IOSTANDARD LVCMOS33 [get_ports [list switch]]
place_ports switch T1
save_constraints
reset_run synth_1
launch_runs impl_1 -to_step write_bitstream -jobs 2
[Wed Dec  6 12:22:48 2023] Launched synth_1...
Run output will be captured here: C:/Users/hr08032/Desktop/pinScreen/pinScreen.runs/synth_1/runme.log
[Wed Dec  6 12:22:48 2023] Launched impl_1...
Run output will be captured here: C:/Users/hr08032/Desktop/pinScreen/pinScreen.runs/impl_1/runme.log
reset_run synth_1
launch_runs impl_1 -to_step write_bitstream -jobs 2
[Wed Dec  6 12:27:58 2023] Launched synth_1...
Run output will be captured here: C:/Users/hr08032/Desktop/pinScreen/pinScreen.runs/synth_1/runme.log
[Wed Dec  6 12:27:58 2023] Launched impl_1...
Run output will be captured here: C:/Users/hr08032/Desktop/pinScreen/pinScreen.runs/impl_1/runme.log
reset_run synth_1
launch_runs impl_1 -to_step write_bitstream -jobs 2
[Wed Dec  6 12:31:01 2023] Launched synth_1...
Run output will be captured here: C:/Users/hr08032/Desktop/pinScreen/pinScreen.runs/synth_1/runme.log
[Wed Dec  6 12:31:01 2023] Launched impl_1...
Run output will be captured here: C:/Users/hr08032/Desktop/pinScreen/pinScreen.runs/impl_1/runme.log
refresh_design
---------------------------------------------------------------------------------
Starting RTL Elaboration : Time (s): cpu = 00:00:05 ; elapsed = 00:00:05 . Memory (MB): peak = 1690.035 ; gain = 3.785
---------------------------------------------------------------------------------
INFO: [Synth 8-6157] synthesizing module 'toplevelmodulelab11' [C:/Users/hr08032/Desktop/pinScreen/pinScreen.srcs/sources_1/new/toplevelLAB11.v:1]
INFO: [Synth 8-6157] synthesizing module 'clk_div' [C:/Users/hr08032/Desktop/pinScreen/pinScreen.srcs/sources_1/new/clockdivider.v:29]
	Parameter div_value bound to: 1 - type: integer 
INFO: [Synth 8-6155] done synthesizing module 'clk_div' (1#1) [C:/Users/hr08032/Desktop/pinScreen/pinScreen.srcs/sources_1/new/clockdivider.v:29]
INFO: [Synth 8-6157] synthesizing module 'h_counter' [C:/Users/hr08032/Desktop/pinScreen/pinScreen.srcs/sources_1/new/hcount.v:24]
INFO: [Synth 8-6155] done synthesizing module 'h_counter' (2#1) [C:/Users/hr08032/Desktop/pinScreen/pinScreen.srcs/sources_1/new/hcount.v:24]
INFO: [Synth 8-6157] synthesizing module 'v_counter' [C:/Users/hr08032/Desktop/pinScreen/pinScreen.srcs/sources_1/new/v_counter.v:26]
INFO: [Synth 8-6155] done synthesizing module 'v_counter' (3#1) [C:/Users/hr08032/Desktop/pinScreen/pinScreen.srcs/sources_1/new/v_counter.v:26]
INFO: [Synth 8-6157] synthesizing module 'vga_sync' [C:/Users/hr08032/Desktop/pinScreen/pinScreen.srcs/sources_1/new/vgasync.v:38]
	Parameter HD bound to: 640 - type: integer 
	Parameter HF bound to: 16 - type: integer 
	Parameter HR bound to: 96 - type: integer 
	Parameter HB bound to: 48 - type: integer 
	Parameter VD bound to: 480 - type: integer 
	Parameter VF bound to: 10 - type: integer 
	Parameter VR bound to: 2 - type: integer 
	Parameter VB bound to: 33 - type: integer 
INFO: [Synth 8-6155] done synthesizing module 'vga_sync' (4#1) [C:/Users/hr08032/Desktop/pinScreen/pinScreen.srcs/sources_1/new/vgasync.v:38]
INFO: [Synth 8-6157] synthesizing module 'pixel_gen' [C:/Users/hr08032/Desktop/pinScreen/pinScreen.srcs/sources_1/new/pixel_gen_cir.v:3]
	Parameter PinWidth bound to: 64 - type: integer 
	Parameter PinHeight bound to: 180 - type: integer 
INFO: [Synth 8-3876] $readmem data file 'finalPinPal.mem' is read successfully [C:/Users/hr08032/Desktop/pinScreen/pinScreen.srcs/sources_1/new/pixel_gen_cir.v:39]
INFO: [Synth 8-6157] synthesizing module 'pinRom' [C:/Users/hr08032/Desktop/pinScreen/pinScreen.srcs/sources_1/new/bowlingRom.v:13]
INFO: [Synth 8-3876] $readmem data file 'finalPin.mem' is read successfully [C:/Users/hr08032/Desktop/pinScreen/pinScreen.srcs/sources_1/new/bowlingRom.v:23]
INFO: [Synth 8-6155] done synthesizing module 'pinRom' (5#1) [C:/Users/hr08032/Desktop/pinScreen/pinScreen.srcs/sources_1/new/bowlingRom.v:13]
INFO: [Synth 8-6157] synthesizing module 'TopLevelBowling' [C:/Users/hr08032/Desktop/pinScreen/pinScreen.srcs/sources_1/new/TopLevelBowling.v:11]
INFO: [Synth 8-6157] synthesizing module 'ir_sensor' [C:/Users/hr08032/Desktop/pinScreen/pinScreen.srcs/sources_1/new/ir_sensor.v:23]
	Parameter IDLE bound to: 2'b00 
	Parameter DETECTING bound to: 2'b01 
INFO: [Synth 8-155] case statement is not full and has no default [C:/Users/hr08032/Desktop/pinScreen/pinScreen.srcs/sources_1/new/ir_sensor.v:41]
INFO: [Synth 8-6155] done synthesizing module 'ir_sensor' (6#1) [C:/Users/hr08032/Desktop/pinScreen/pinScreen.srcs/sources_1/new/ir_sensor.v:23]
INFO: [Synth 8-6155] done synthesizing module 'TopLevelBowling' (7#1) [C:/Users/hr08032/Desktop/pinScreen/pinScreen.srcs/sources_1/new/TopLevelBowling.v:11]
INFO: [Synth 8-6155] done synthesizing module 'pixel_gen' (8#1) [C:/Users/hr08032/Desktop/pinScreen/pinScreen.srcs/sources_1/new/pixel_gen_cir.v:3]
INFO: [Synth 8-6157] synthesizing module 'WelcomeScreen' [C:/Users/hr08032/Desktop/pinScreen/pinScreen.srcs/sources_1/new/WelcomeScreen.v:23]
	Parameter BowlingWidth bound to: 399 - type: integer 
	Parameter BowlingHeight bound to: 298 - type: integer 
INFO: [Synth 8-3876] $readmem data file 'pal24bit.mem' is read successfully [C:/Users/hr08032/Desktop/pinScreen/pinScreen.srcs/sources_1/new/WelcomeScreen.v:59]
INFO: [Synth 8-6157] synthesizing module 'bowling_Rom2' [C:/Users/hr08032/Desktop/pinScreen/pinScreen.srcs/sources_1/new/bowlingRom2.v:13]
INFO: [Synth 8-3876] $readmem data file 'finalblackBG.mem' is read successfully [C:/Users/hr08032/Desktop/pinScreen/pinScreen.srcs/sources_1/new/bowlingRom2.v:23]
INFO: [Synth 8-6155] done synthesizing module 'bowling_Rom2' (9#1) [C:/Users/hr08032/Desktop/pinScreen/pinScreen.srcs/sources_1/new/bowlingRom2.v:13]
INFO: [Synth 8-6155] done synthesizing module 'WelcomeScreen' (10#1) [C:/Users/hr08032/Desktop/pinScreen/pinScreen.srcs/sources_1/new/WelcomeScreen.v:23]
INFO: [Synth 8-6155] done synthesizing module 'toplevelmodulelab11' (11#1) [C:/Users/hr08032/Desktop/pinScreen/pinScreen.srcs/sources_1/new/toplevelLAB11.v:1]
---------------------------------------------------------------------------------
Finished RTL Elaboration : Time (s): cpu = 00:00:07 ; elapsed = 00:00:07 . Memory (MB): peak = 1823.223 ; gain = 136.973
---------------------------------------------------------------------------------
---------------------------------------------------------------------------------
Start Handling Custom Attributes
---------------------------------------------------------------------------------
---------------------------------------------------------------------------------
Finished Handling Custom Attributes : Time (s): cpu = 00:00:08 ; elapsed = 00:00:08 . Memory (MB): peak = 1840.320 ; gain = 154.070
---------------------------------------------------------------------------------
---------------------------------------------------------------------------------
Finished RTL Optimization Phase 1 : Time (s): cpu = 00:00:08 ; elapsed = 00:00:08 . Memory (MB): peak = 1840.320 ; gain = 154.070
---------------------------------------------------------------------------------
Netlist sorting complete. Time (s): cpu = 00:00:00 ; elapsed = 00:00:00.008 . Memory (MB): peak = 1840.320 ; gain = 0.000
INFO: [Project 1-570] Preparing netlist for logic optimization

Processing XDC Constraints
Initializing timing engine
Parsing XDC File [C:/Users/hr08032/Desktop/pinScreen/pinScreen.srcs/constrs_1/new/test_and_const.xdc]
WARNING: [Vivado 12-584] No ports matched 'S[0]'. [C:/Users/hr08032/Desktop/pinScreen/pinScreen.srcs/constrs_1/new/test_and_const.xdc:4]
CRITICAL WARNING: [Common 17-55] 'set_property' expects at least one object. [C:/Users/hr08032/Desktop/pinScreen/pinScreen.srcs/constrs_1/new/test_and_const.xdc:4]
Resolution: If [get_<value>] was used to populate the object, check to make sure this command returns at least one valid object.
WARNING: [Vivado 12-584] No ports matched 'S[1]'. [C:/Users/hr08032/Desktop/pinScreen/pinScreen.srcs/constrs_1/new/test_and_const.xdc:5]
CRITICAL WARNING: [Common 17-55] 'set_property' expects at least one object. [C:/Users/hr08032/Desktop/pinScreen/pinScreen.srcs/constrs_1/new/test_and_const.xdc:5]
Resolution: If [get_<value>] was used to populate the object, check to make sure this command returns at least one valid object.
Finished Parsing XDC File [C:/Users/hr08032/Desktop/pinScreen/pinScreen.srcs/constrs_1/new/test_and_const.xdc]
Parsing XDC File [C:/Users/hr08032/Desktop/pinScreen/pinScreen.srcs/constrs_1/new/test_addsub_const.xdc]
Finished Parsing XDC File [C:/Users/hr08032/Desktop/pinScreen/pinScreen.srcs/constrs_1/new/test_addsub_const.xdc]
Completed Processing XDC Constraints

INFO: [Opt 31-138] Pushed 0 inverter(s) to 0 load pin(s).
refresh_design: Time (s): cpu = 00:00:15 ; elapsed = 00:00:14 . Memory (MB): peak = 1926.402 ; gain = 240.152
open_hw_manager
connect_hw_server -allow_non_jtag
INFO: [Labtools 27-2285] Connecting to hw_server url TCP:localhost:3121
INFO: [Labtools 27-2222] Launching hw_server...
INFO: [Labtools 27-2221] Launch Output:

****** Xilinx hw_server v2020.1
  **** Build date : May 27 2020 at 20:24:38
    ** Copyright 1986-2020 Xilinx, Inc. All Rights Reserved.


INFO: [Labtools 27-3415] Connecting to cs_server url TCP:localhost:3042
INFO: [Labtools 27-3417] Launching cs_server...
INFO: [Labtools 27-2221] Launch Output:


****** Xilinx cs_server v2020.1.0
  **** Build date : May 14 2020-06:10:29
    ** Copyright 2017-2020 Xilinx, Inc. All Rights Reserved.



connect_hw_server: Time (s): cpu = 00:00:00 ; elapsed = 00:00:13 . Memory (MB): peak = 1959.309 ; gain = 12.930
open_hw_target
INFO: [Labtoolstcl 44-466] Opening hw_target localhost:3121/xilinx_tcf/Digilent/210183AF3031A
open_hw_target: Time (s): cpu = 00:00:06 ; elapsed = 00:00:06 . Memory (MB): peak = 3155.242 ; gain = 1195.934
set_property PROGRAM.FILE {C:/Users/hr08032/Desktop/pinScreen/pinScreen.runs/impl_1/toplevelmodulelab11.bit} [get_hw_devices xc7a35t_0]
current_hw_device [get_hw_devices xc7a35t_0]
refresh_hw_device -update_hw_probes false [lindex [get_hw_devices xc7a35t_0] 0]
INFO: [Labtools 27-1434] Device xc7a35t (JTAG device index = 0) is programmed with a design that has no supported debug core(s) in it.
set_property PROBES.FILE {} [get_hw_devices xc7a35t_0]
set_property FULL_PROBES.FILE {} [get_hw_devices xc7a35t_0]
set_property PROGRAM.FILE {C:/Users/hr08032/Desktop/pinScreen/pinScreen.runs/impl_1/toplevelmodulelab11.bit} [get_hw_devices xc7a35t_0]
program_hw_devices [get_hw_devices xc7a35t_0]
INFO: [Labtools 27-3164] End of startup status: HIGH
refresh_hw_device [lindex [get_hw_devices xc7a35t_0] 0]
INFO: [Labtools 27-1434] Device xc7a35t (JTAG device index = 0) is programmed with a design that has no supported debug core(s) in it.
exit
INFO: [Common 17-206] Exiting Vivado at Wed Dec  6 12:37:01 2023...
