#-----------------------------------------------------------
# Vivado v2020.1 (64-bit)
# SW Build 2902540 on Wed May 27 19:54:49 MDT 2020
# IP Build 2902112 on Wed May 27 22:43:36 MDT 2020
# Start of session at: Sat Dec 16 18:02:30 2023
# Process ID: 10864
# Current directory: C:/Users/hr08032/Desktop/Final Project Final Folder FINAL/AIK DAM FINAL/pinScreen
# Command line: vivado.exe -gui_launcher_event rodinguilauncherevent13248 C:\Users\hr08032\Desktop\Final Project Final Folder FINAL\AIK DAM FINAL\pinScreen\pinScreen.xpr
# Log file: C:/Users/hr08032/Desktop/Final Project Final Folder FINAL/AIK DAM FINAL/pinScreen/vivado.log
# Journal file: C:/Users/hr08032/Desktop/Final Project Final Folder FINAL/AIK DAM FINAL/pinScreen\vivado.jou
#-----------------------------------------------------------
start_gui
open_project {C:/Users/hr08032/Desktop/Final Project Final Folder FINAL/AIK DAM FINAL/pinScreen/pinScreen.xpr}
INFO: [ProjectBase 1-489] The host OS only allows 260 characters in a normal path. The project is stored in a path with more than 80 characters. If you experience issues with IP, Block Designs, or files not being found, please consider moving the project to a location with a shorter path. Alternately consider using the OS subst command to map part of the path to a drive letter.
Current project path is 'C:/Users/hr08032/Desktop/Final Project Final Folder FINAL/AIK DAM FINAL/pinScreen'
INFO: [Project 1-313] Project file moved from 'C:/Users/hr08032/Desktop/pinScreen' since last save.
WARNING: [Project 1-312] File not found as 'C:/Users/hr08032/Desktop/Final Project Final Folder FINAL/Downloads/welcomeBGBLACKwithPIXELGEN/welcomeBGBLACKwithPIXELGEN/welcomeBGBLACKwithPIXELGEN.srcs/sources_1/imports/tinyWelcomeScreen/pal24bit.mem'; using path 'C:/Users/hr08032/Downloads/welcomeBGBLACKwithPIXELGEN/welcomeBGBLACKwithPIXELGEN/welcomeBGBLACKwithPIXELGEN.srcs/sources_1/imports/tinyWelcomeScreen/pal24bit.mem' instead.
WARNING: [Project 1-312] File not found as 'C:/Users/hr08032/Desktop/Final Project Final Folder FINAL/Downloads/welcomeBGBLACKwithPIXELGEN/welcomeBGBLACKwithPIXELGEN/welcomeBGBLACKwithPIXELGEN.srcs/sources_1/imports/tinyWelcomeScreen/finalblackBG.mem'; using path 'C:/Users/hr08032/Downloads/welcomeBGBLACKwithPIXELGEN/welcomeBGBLACKwithPIXELGEN/welcomeBGBLACKwithPIXELGEN.srcs/sources_1/imports/tinyWelcomeScreen/finalblackBG.mem' instead.
Scanning sources...
Finished scanning sources
WARNING: [Project 1-312] File not found as 'C:/Users/hr08032/Desktop/Final Project Final Folder FINAL/Downloads/welcomeBGBLACKwithPIXELGEN/welcomeBGBLACKwithPIXELGEN/welcomeBGBLACKwithPIXELGEN.srcs/sources_1/imports/tinyWelcomeScreen/pal24bit.mem'; using path 'C:/Users/hr08032/Downloads/welcomeBGBLACKwithPIXELGEN/welcomeBGBLACKwithPIXELGEN/welcomeBGBLACKwithPIXELGEN.srcs/sources_1/imports/tinyWelcomeScreen/pal24bit.mem' instead.
WARNING: [Project 1-312] File not found as 'C:/Users/hr08032/Desktop/Final Project Final Folder FINAL/Downloads/welcomeBGBLACKwithPIXELGEN/welcomeBGBLACKwithPIXELGEN/welcomeBGBLACKwithPIXELGEN.srcs/sources_1/imports/tinyWelcomeScreen/finalblackBG.mem'; using path 'C:/Users/hr08032/Downloads/welcomeBGBLACKwithPIXELGEN/welcomeBGBLACKwithPIXELGEN/welcomeBGBLACKwithPIXELGEN.srcs/sources_1/imports/tinyWelcomeScreen/finalblackBG.mem' instead.
WARNING: [Project 1-312] File not found as 'C:/Users/hr08032/Desktop/Final Project Final Folder FINAL/Downloads/welcomeBGBLACKwithPIXELGEN/welcomeBGBLACKwithPIXELGEN/welcomeBGBLACKwithPIXELGEN.srcs/sources_1/imports/tinyWelcomeScreen/pal24bit.mem'; using path 'C:/Users/hr08032/Downloads/welcomeBGBLACKwithPIXELGEN/welcomeBGBLACKwithPIXELGEN/welcomeBGBLACKwithPIXELGEN.srcs/sources_1/imports/tinyWelcomeScreen/pal24bit.mem' instead.
WARNING: [Project 1-312] File not found as 'C:/Users/hr08032/Desktop/Final Project Final Folder FINAL/Downloads/welcomeBGBLACKwithPIXELGEN/welcomeBGBLACKwithPIXELGEN/welcomeBGBLACKwithPIXELGEN.srcs/sources_1/imports/tinyWelcomeScreen/finalblackBG.mem'; using path 'C:/Users/hr08032/Downloads/welcomeBGBLACKwithPIXELGEN/welcomeBGBLACKwithPIXELGEN/welcomeBGBLACKwithPIXELGEN.srcs/sources_1/imports/tinyWelcomeScreen/finalblackBG.mem' instead.
INFO: [IP_Flow 19-234] Refreshing IP repositories
INFO: [IP_Flow 19-1704] No user IP repositories specified
INFO: [IP_Flow 19-2313] Loaded Vivado IP repository 'C:/Xilinx/Vivado/2020.1/data/ip'.
open_project: Time (s): cpu = 00:00:14 ; elapsed = 00:00:08 . Memory (MB): peak = 1030.301 ; gain = 0.000
WARNING: [Common 17-9] Error reading message records.
WARNING: [Common 17-9] Error reading message records.
WARNING: [Common 17-9] Error reading message records.
WARNING: [Common 17-9] Error reading message records.
exit
INFO: [Common 17-206] Exiting Vivado at Sat Dec 16 18:22:04 2023...
